<?xml version="1.0" encoding="UTF-8"?>
<!-- Generated by org.testng.reporters.JUnitXMLReporter -->
<testsuite hostname="BLRWX10323" ignored="0" name="Login" tests="4" failures="0" timestamp="11 Nov 2019 12:00:50 GMT" time="19.08" errors="0">
  <testcase name="TestToVerifyAllElementsInLoginPage" time="2.818" classname="com.io.ims.PEPWeb.TestLoginPage"/>
  <testcase name="TestToVerifyErrorMessagesInLoginPage" time="6.26" classname="com.io.ims.PEPWeb.TestLoginPage"/>
  <testcase name="TestToVerifyNavigationOfLinksInLoginPage" time="4.106" classname="com.io.ims.PEPWeb.TestLoginPage"/>
  <testcase name="TestToVerifySuccessfulLoginToAllAccounts" time="5.847" classname="com.io.ims.PEPWeb.TestLoginPage"/>
</testsuite> <!-- Login -->
